Configuring optional-args-1.0.1...
Building optional-args-1.0.1...
Preprocessing library optional-args-1.0.1...
[1 of 1] Compiling Data.Optional    ( src/Data/Optional.hs, .stack-work/dist/x86_64-osx/Cabal-1.22.5.0/build/Data/Optional.o )

src/Data/Optional.hs:95:1: Warning:
    The import of ‘Applicative’
    from module ‘Control.Applicative’ is redundant

src/Data/Optional.hs:97:1: Warning:
    The import of ‘Data.Foldable’ is redundant
      except perhaps to import instances from ‘Data.Foldable’
    To import instances alone, use: import Data.Foldable()

src/Data/Optional.hs:98:1: Warning:
    The import of ‘Data.Traversable’ is redundant
      except perhaps to import instances from ‘Data.Traversable’
    To import instances alone, use: import Data.Traversable()

src/Data/Optional.hs:99:1: Warning:
    The import of ‘Data.Monoid’ is redundant
      except perhaps to import instances from ‘Data.Monoid’
    To import instances alone, use: import Data.Monoid()
In-place registering optional-args-1.0.1...
Installing library in
/Users/Ben/.stack/snapshots/x86_64-osx/nightly-2016-05-16/7.10.3/lib/x86_64-osx-ghc-7.10.3/optional-args-1.0.1-0VdeSl4DaNhJtf55MER0zY
Registering optional-args-1.0.1...
